<?xml version="1.0" encoding="UTF-8"?>
<testsuite name="taxipark.TestTask5TheMostFrequentTripDurationPeriod" tests="14" skipped="0" failures="0" errors="0" timestamp="2020-11-15T04:18:24" hostname="LAPTOP-JQEH2B7G" time="0.015">
  <properties/>
  <testcase name="test00" classname="taxipark.TestTask5TheMostFrequentTripDurationPeriod" time="0.002"/>
  <testcase name="test01" classname="taxipark.TestTask5TheMostFrequentTripDurationPeriod" time="0.0"/>
  <testcase name="test02" classname="taxipark.TestTask5TheMostFrequentTripDurationPeriod" time="0.001"/>
  <testcase name="test03" classname="taxipark.TestTask5TheMostFrequentTripDurationPeriod" time="0.001"/>
  <testcase name="test04" classname="taxipark.TestTask5TheMostFrequentTripDurationPeriod" time="0.001"/>
  <testcase name="test05" classname="taxipark.TestTask5TheMostFrequentTripDurationPeriod" time="0.001"/>
  <testcase name="test06" classname="taxipark.TestTask5TheMostFrequentTripDurationPeriod" time="0.001"/>
  <testcase name="test07" classname="taxipark.TestTask5TheMostFrequentTripDurationPeriod" time="0.001"/>
  <testcase name="test08" classname="taxipark.TestTask5TheMostFrequentTripDurationPeriod" time="0.0"/>
  <testcase name="test09" classname="taxipark.TestTask5TheMostFrequentTripDurationPeriod" time="0.0"/>
  <testcase name="test10" classname="taxipark.TestTask5TheMostFrequentTripDurationPeriod" time="0.0"/>
  <testcase name="test11" classname="taxipark.TestTask5TheMostFrequentTripDurationPeriod" time="0.002"/>
  <testcase name="test12" classname="taxipark.TestTask5TheMostFrequentTripDurationPeriod" time="0.002"/>
  <testcase name="test13" classname="taxipark.TestTask5TheMostFrequentTripDurationPeriod" time="0.0"/>
  <system-out><![CDATA[]]></system-out>
  <system-err><![CDATA[]]></system-err>
</testsuite>
