<?xml version="1.0" encoding="UTF-8"?>
<testsuite name="games.gameOfFifteen.TestGameOfFifteenInitializer" tests="2" skipped="0" failures="0" errors="0" timestamp="2020-12-08T12:49:36" hostname="LAPTOP-JQEH2B7G" time="0.005">
  <properties/>
  <testcase name="testInitialPermutationIsEven" classname="games.gameOfFifteen.TestGameOfFifteenInitializer" time="0.004"/>
  <testcase name="testInitialPermutationIsNotTrivial" classname="games.gameOfFifteen.TestGameOfFifteenInitializer" time="0.001"/>
  <system-out><![CDATA[]]></system-out>
  <system-err><![CDATA[]]></system-err>
</testsuite>
